<?xml version="1.0" encoding="UTF-8"?>
<testng-results skipped="0" failed="0" ignored="0" total="1" passed="1">
  <reporter-output>
    <line>
      <![CDATA[<div "result">I navigate to google homepage (PASSED : 1s)</div>]]>
    </line>
    <line>
      <![CDATA[<div "result">I enter keyword to search (PASSED : 0s)</div>]]>
    </line>
    <line>
      <![CDATA[<div "result">I click on search button (PASSED : 1s)</div>]]>
    </line>
    <line>
      <![CDATA[<div "result">I should be able to see the title contains the keyword (PASSED : 0s)</div>]]>
    </line>
  </reporter-output>
  <suite name="Default suite" duration-ms="8067" started-at="2018-02-25T18:25:05Z" finished-at="2018-02-25T18:25:13Z">
    <groups>
      <group name="cucumber">
        <method signature="AbstractTestNGCucumberTests.runScenario(cucumber.api.testng.PickleEventWrapper, cucumber.api.testng.CucumberFeatureWrapper)[pri:0, instance:RunnerPackage.TestRunner@14bf9759]" name="runScenario" class="cucumber.api.testng.AbstractTestNGCucumberTests"/>
      </group> <!-- cucumber -->
    </groups>
    <test name="Default test" duration-ms="8067" started-at="2018-02-25T18:25:05Z" finished-at="2018-02-25T18:25:13Z">
      <class name="RunnerPackage.TestRunner">
        <test-method status="PASS" signature="setUp()[pri:0, instance:RunnerPackage.TestRunner@14bf9759]" name="setUp" is-config="true" duration-ms="4309" started-at="2018-02-25T18:25:05Z" finished-at="2018-02-25T18:25:09Z">
          <reporter-output>
          </reporter-output>
        </test-method> <!-- setUp -->
        <test-method status="PASS" signature="setUpClass()[pri:0, instance:RunnerPackage.TestRunner@14bf9759]" name="setUpClass" is-config="true" duration-ms="297" started-at="2018-02-25T18:25:09Z" finished-at="2018-02-25T18:25:10Z">
          <reporter-output>
          </reporter-output>
        </test-method> <!-- setUpClass -->
        <test-method status="PASS" signature="runScenario(cucumber.api.testng.PickleEventWrapper, cucumber.api.testng.CucumberFeatureWrapper)[pri:0, instance:RunnerPackage.TestRunner@14bf9759]" name="runScenario" duration-ms="3326" started-at="2018-02-25T18:25:10Z" description="Runs Cucumber Scenarios" data-provider="scenarios" finished-at="2018-02-25T18:25:13Z">
          <params>
            <param index="0">
              <value>
                <![CDATA["User searches an item in google and check if the title matches the keyword"]]>
              </value>
            </param>
            <param index="1">
              <value>
                <![CDATA["This is just a test feature for cucumber"]]>
              </value>
            </param>
          </params>
          <reporter-output>
            <line>
              <![CDATA[<div "result">I navigate to google homepage (PASSED : 1s)</div>]]>
            </line>
            <line>
              <![CDATA[<div "result">I enter keyword to search (PASSED : 0s)</div>]]>
            </line>
            <line>
              <![CDATA[<div "result">I click on search button (PASSED : 1s)</div>]]>
            </line>
            <line>
              <![CDATA[<div "result">I should be able to see the title contains the keyword (PASSED : 0s)</div>]]>
            </line>
          </reporter-output>
        </test-method> <!-- runScenario -->
        <test-method status="PASS" signature="tearDownClass()[pri:0, instance:RunnerPackage.TestRunner@14bf9759]" name="tearDownClass" is-config="true" duration-ms="2" started-at="2018-02-25T18:25:13Z" finished-at="2018-02-25T18:25:13Z">
          <reporter-output>
          </reporter-output>
        </test-method> <!-- tearDownClass -->
      </class> <!-- RunnerPackage.TestRunner -->
    </test> <!-- Default test -->
  </suite> <!-- Default suite -->
</testng-results>
