<?xml version="1.0" encoding="UTF-8"?>
<testng-results skipped="0" failed="4" ignored="0" total="4" passed="0">
  <reporter-output>
    <line>
      <![CDATA[<div "result">I navigate to google homepage (PASSED : 1s)</div>]]>
    </line>
    <line>
      <![CDATA[<div "result">I enter &quot;porsche&quot; to search (UNDEFINED)</div>]]>
    </line>
    <line>
      <![CDATA[<div "result">I click on search button (SKIPPED)</div>]]>
    </line>
    <line>
      <![CDATA[<div "result">I should see the title contains the &quot;porsche&quot; (UNDEFINED)</div>]]>
    </line>
    <line>
      <![CDATA[<div "result">I navigate to google homepage (PASSED : 1s)</div>]]>
    </line>
    <line>
      <![CDATA[<div "result">I enter &quot;Toyota&quot; to search (UNDEFINED)</div>]]>
    </line>
    <line>
      <![CDATA[<div "result">I click on search button (SKIPPED)</div>]]>
    </line>
    <line>
      <![CDATA[<div "result">I should see the title contains the &quot;Toyota&quot; (UNDEFINED)</div>]]>
    </line>
    <line>
      <![CDATA[<div "result">I navigate to google homepage (PASSED : 1s)</div>]]>
    </line>
    <line>
      <![CDATA[<div "result">I enter &quot;Mercedes-Benz&quot; to search (UNDEFINED)</div>]]>
    </line>
    <line>
      <![CDATA[<div "result">I click on search button (SKIPPED)</div>]]>
    </line>
    <line>
      <![CDATA[<div "result">I should see the title contains the &quot;Mercedes-Benz&quot; (UNDEFINED)</div>]]>
    </line>
    <line>
      <![CDATA[<div "result">I navigate to google homepage (PASSED : 0s)</div>]]>
    </line>
    <line>
      <![CDATA[<div "result">I enter &quot;Ferrari&quot; to search (UNDEFINED)</div>]]>
    </line>
    <line>
      <![CDATA[<div "result">I click on search button (SKIPPED)</div>]]>
    </line>
    <line>
      <![CDATA[<div "result">I should see the title contains the &quot;Ferrari&quot; (UNDEFINED)</div>]]>
    </line>
  </reporter-output>
  <suite name="Default suite" duration-ms="10830" started-at="2018-02-25T21:00:48Z" finished-at="2018-02-25T21:00:59Z">
    <groups>
      <group name="cucumber">
        <method signature="AbstractTestNGCucumberTests.runScenario(cucumber.api.testng.PickleEventWrapper, cucumber.api.testng.CucumberFeatureWrapper)[pri:0, instance:RunnerPackage.TestRunner@5f341870]" name="runScenario" class="cucumber.api.testng.AbstractTestNGCucumberTests"/>
      </group> <!-- cucumber -->
    </groups>
    <test name="Default test" duration-ms="10830" started-at="2018-02-25T21:00:48Z" finished-at="2018-02-25T21:00:59Z">
      <class name="RunnerPackage.TestRunner">
        <test-method status="PASS" signature="setUp()[pri:0, instance:RunnerPackage.TestRunner@5f341870]" name="setUp" is-config="true" duration-ms="4256" started-at="2018-02-25T21:00:48Z" finished-at="2018-02-25T21:00:52Z">
          <reporter-output>
          </reporter-output>
        </test-method> <!-- setUp -->
        <test-method status="PASS" signature="setUpClass()[pri:0, instance:RunnerPackage.TestRunner@5f341870]" name="setUpClass" is-config="true" duration-ms="272" started-at="2018-02-25T21:00:52Z" finished-at="2018-02-25T21:00:53Z">
          <reporter-output>
          </reporter-output>
        </test-method> <!-- setUpClass -->
        <test-method status="FAIL" signature="runScenario(cucumber.api.testng.PickleEventWrapper, cucumber.api.testng.CucumberFeatureWrapper)[pri:0, instance:RunnerPackage.TestRunner@5f341870]" name="runScenario" duration-ms="1453" started-at="2018-02-25T21:00:53Z" description="Runs Cucumber Scenarios" data-provider="scenarios" finished-at="2018-02-25T21:00:54Z">
          <params>
            <param index="0">
              <value>
                <![CDATA["User searches an item in google and check if the title matches the keyword"]]>
              </value>
            </param>
            <param index="1">
              <value>
                <![CDATA["This is just a test feature for cucumber"]]>
              </value>
            </param>
          </params>
          <reporter-output>
            <line>
              <![CDATA[<div "result">I navigate to google homepage (PASSED : 1s)</div>]]>
            </line>
            <line>
              <![CDATA[<div "result">I enter &quot;porsche&quot; to search (UNDEFINED)</div>]]>
            </line>
            <line>
              <![CDATA[<div "result">I click on search button (SKIPPED)</div>]]>
            </line>
            <line>
              <![CDATA[<div "result">I should see the title contains the &quot;porsche&quot; (UNDEFINED)</div>]]>
            </line>
          </reporter-output>
        </test-method> <!-- runScenario -->
        <test-method status="FAIL" signature="runScenario(cucumber.api.testng.PickleEventWrapper, cucumber.api.testng.CucumberFeatureWrapper)[pri:0, instance:RunnerPackage.TestRunner@5f341870]" name="runScenario" duration-ms="1577" started-at="2018-02-25T21:00:54Z" description="Runs Cucumber Scenarios" data-provider="scenarios" finished-at="2018-02-25T21:00:56Z">
          <params>
            <param index="0">
              <value>
                <![CDATA["User searches an item in google and check if the title matches the keyword"]]>
              </value>
            </param>
            <param index="1">
              <value>
                <![CDATA["This is just a test feature for cucumber"]]>
              </value>
            </param>
          </params>
          <reporter-output>
            <line>
              <![CDATA[<div "result">I navigate to google homepage (PASSED : 1s)</div>]]>
            </line>
            <line>
              <![CDATA[<div "result">I enter &quot;Toyota&quot; to search (UNDEFINED)</div>]]>
            </line>
            <line>
              <![CDATA[<div "result">I click on search button (SKIPPED)</div>]]>
            </line>
            <line>
              <![CDATA[<div "result">I should see the title contains the &quot;Toyota&quot; (UNDEFINED)</div>]]>
            </line>
          </reporter-output>
        </test-method> <!-- runScenario -->
        <test-method status="FAIL" signature="runScenario(cucumber.api.testng.PickleEventWrapper, cucumber.api.testng.CucumberFeatureWrapper)[pri:0, instance:RunnerPackage.TestRunner@5f341870]" name="runScenario" duration-ms="1040" started-at="2018-02-25T21:00:56Z" description="Runs Cucumber Scenarios" data-provider="scenarios" finished-at="2018-02-25T21:00:57Z">
          <params>
            <param index="0">
              <value>
                <![CDATA["User searches an item in google and check if the title matches the keyword"]]>
              </value>
            </param>
            <param index="1">
              <value>
                <![CDATA["This is just a test feature for cucumber"]]>
              </value>
            </param>
          </params>
          <reporter-output>
            <line>
              <![CDATA[<div "result">I navigate to google homepage (PASSED : 1s)</div>]]>
            </line>
            <line>
              <![CDATA[<div "result">I enter &quot;Mercedes-Benz&quot; to search (UNDEFINED)</div>]]>
            </line>
            <line>
              <![CDATA[<div "result">I click on search button (SKIPPED)</div>]]>
            </line>
            <line>
              <![CDATA[<div "result">I should see the title contains the &quot;Mercedes-Benz&quot; (UNDEFINED)</div>]]>
            </line>
          </reporter-output>
        </test-method> <!-- runScenario -->
        <test-method status="FAIL" signature="runScenario(cucumber.api.testng.PickleEventWrapper, cucumber.api.testng.CucumberFeatureWrapper)[pri:0, instance:RunnerPackage.TestRunner@5f341870]" name="runScenario" duration-ms="771" started-at="2018-02-25T21:00:57Z" description="Runs Cucumber Scenarios" data-provider="scenarios" finished-at="2018-02-25T21:00:58Z">
          <params>
            <param index="0">
              <value>
                <![CDATA["User searches an item in google and check if the title matches the keyword"]]>
              </value>
            </param>
            <param index="1">
              <value>
                <![CDATA["This is just a test feature for cucumber"]]>
              </value>
            </param>
          </params>
          <reporter-output>
            <line>
              <![CDATA[<div "result">I navigate to google homepage (PASSED : 0s)</div>]]>
            </line>
            <line>
              <![CDATA[<div "result">I enter &quot;Ferrari&quot; to search (UNDEFINED)</div>]]>
            </line>
            <line>
              <![CDATA[<div "result">I click on search button (SKIPPED)</div>]]>
            </line>
            <line>
              <![CDATA[<div "result">I should see the title contains the &quot;Ferrari&quot; (UNDEFINED)</div>]]>
            </line>
          </reporter-output>
        </test-method> <!-- runScenario -->
        <test-method status="PASS" signature="tearDownClass()[pri:0, instance:RunnerPackage.TestRunner@5f341870]" name="tearDownClass" is-config="true" duration-ms="8" started-at="2018-02-25T21:00:58Z" finished-at="2018-02-25T21:00:58Z">
          <reporter-output>
          </reporter-output>
        </test-method> <!-- tearDownClass -->
        <test-method status="PASS" signature="tearDown()[pri:0, instance:RunnerPackage.TestRunner@5f341870]" name="tearDown" is-config="true" duration-ms="1302" started-at="2018-02-25T21:00:58Z" finished-at="2018-02-25T21:00:59Z">
          <reporter-output>
          </reporter-output>
        </test-method> <!-- tearDown -->
      </class> <!-- RunnerPackage.TestRunner -->
    </test> <!-- Default test -->
  </suite> <!-- Default suite -->
</testng-results>
